2024-07-25 16:10:29,136 Downloading artifacts
[34m[1mwandb[39m[22m: [32m[41mERROR[39m[49m Project samueltwjohnson-Western Governors University/nyc_airbnb does not contain artifact: "random_forest_export:prod"
Traceback (most recent call last):
  File "/home/sam_john/miniconda3/envs/mlflow-c783dc507c6bedc1b58f0a87f952c3c2d2f33013/lib/python3.9/site-packages/wandb/apis/normalize.py", line 26, in wrapper
    return func(*args, **kwargs)
  File "/home/sam_john/miniconda3/envs/mlflow-c783dc507c6bedc1b58f0a87f952c3c2d2f33013/lib/python3.9/site-packages/wandb/apis/public.py", line 949, in artifact
    artifact = Artifact(self.client, entity, project, artifact_name)
  File "/home/sam_john/miniconda3/envs/mlflow-c783dc507c6bedc1b58f0a87f952c3c2d2f33013/lib/python3.9/site-packages/wandb/apis/public.py", line 4343, in __init__
    self._load()
  File "/home/sam_john/miniconda3/envs/mlflow-c783dc507c6bedc1b58f0a87f952c3c2d2f33013/lib/python3.9/site-packages/wandb/apis/public.py", line 5072, in _load
    raise ValueError(
ValueError: Project samueltwjohnson-Western Governors University/nyc_airbnb does not contain artifact: "random_forest_export:prod"
During handling of the above exception, another exception occurred:
Traceback (most recent call last):
  File "/home/sam_john/Project-Build-an-ML-Pipeline-Starter/components/test_regression_model/run.py", line 73, in <module>
    go(args)
  File "/home/sam_john/Project-Build-an-ML-Pipeline-Starter/components/test_regression_model/run.py", line 27, in go
    model_local_path = run.use_artifact(args.mlflow_model).download()
  File "/home/sam_john/miniconda3/envs/mlflow-c783dc507c6bedc1b58f0a87f952c3c2d2f33013/lib/python3.9/site-packages/wandb/sdk/wandb_run.py", line 333, in wrapper
    return func(self, *args, **kwargs)
  File "/home/sam_john/miniconda3/envs/mlflow-c783dc507c6bedc1b58f0a87f952c3c2d2f33013/lib/python3.9/site-packages/wandb/sdk/wandb_run.py", line 2617, in use_artifact
    artifact = public_api.artifact(type=type, name=name)
  File "/home/sam_john/miniconda3/envs/mlflow-c783dc507c6bedc1b58f0a87f952c3c2d2f33013/lib/python3.9/site-packages/wandb/apis/normalize.py", line 64, in wrapper
    raise CommError(message, err).with_traceback(sys.exc_info()[2])
  File "/home/sam_john/miniconda3/envs/mlflow-c783dc507c6bedc1b58f0a87f952c3c2d2f33013/lib/python3.9/site-packages/wandb/apis/normalize.py", line 26, in wrapper
    return func(*args, **kwargs)
  File "/home/sam_john/miniconda3/envs/mlflow-c783dc507c6bedc1b58f0a87f952c3c2d2f33013/lib/python3.9/site-packages/wandb/apis/public.py", line 949, in artifact
    artifact = Artifact(self.client, entity, project, artifact_name)
  File "/home/sam_john/miniconda3/envs/mlflow-c783dc507c6bedc1b58f0a87f952c3c2d2f33013/lib/python3.9/site-packages/wandb/apis/public.py", line 4343, in __init__
    self._load()
  File "/home/sam_john/miniconda3/envs/mlflow-c783dc507c6bedc1b58f0a87f952c3c2d2f33013/lib/python3.9/site-packages/wandb/apis/public.py", line 5072, in _load
    raise ValueError(
wandb.errors.CommError: Project samueltwjohnson-Western Governors University/nyc_airbnb does not contain artifact: "random_forest_export:prod"